[0.669s] Invoking command in '/home/royyandzakiy/project-coding/ros/ws_ros2_opencv/src/ros2_opencv': PYTHONPATH=/home/royyandzakiy/project-coding/ros/ws_ros2_opencv/build/ros2_opencv/prefix_override:/home/royyandzakiy/project-coding/ros/ws_ros2_opencv/install/ros2_opencv/lib/python3.10/site-packages:${PYTHONPATH} /usr/bin/python3 -W ignore:setup.py install is deprecated setup.py egg_info --egg-base ../../build/ros2_opencv build --build-base /home/royyandzakiy/project-coding/ros/ws_ros2_opencv/build/ros2_opencv/build install --record /home/royyandzakiy/project-coding/ros/ws_ros2_opencv/build/ros2_opencv/install.log --single-version-externally-managed install_data
[0.876s] running egg_info
[0.890s] writing ../../build/ros2_opencv/ros2_opencv.egg-info/PKG-INFO
[0.890s] writing dependency_links to ../../build/ros2_opencv/ros2_opencv.egg-info/dependency_links.txt
[0.891s] writing entry points to ../../build/ros2_opencv/ros2_opencv.egg-info/entry_points.txt
[0.891s] writing requirements to ../../build/ros2_opencv/ros2_opencv.egg-info/requires.txt
[0.891s] writing top-level names to ../../build/ros2_opencv/ros2_opencv.egg-info/top_level.txt
[0.920s] reading manifest file '../../build/ros2_opencv/ros2_opencv.egg-info/SOURCES.txt'
[0.920s] writing manifest file '../../build/ros2_opencv/ros2_opencv.egg-info/SOURCES.txt'
[0.921s] running build
[0.921s] running build_py
[0.921s] copying ros2_opencv/imageSubscriber.py -> /home/royyandzakiy/project-coding/ros/ws_ros2_opencv/build/ros2_opencv/build/lib/ros2_opencv
[0.921s] copying ros2_opencv/__init__.py -> /home/royyandzakiy/project-coding/ros/ws_ros2_opencv/build/ros2_opencv/build/lib/ros2_opencv
[0.921s] copying ros2_opencv/cameraPublisher.py -> /home/royyandzakiy/project-coding/ros/ws_ros2_opencv/build/ros2_opencv/build/lib/ros2_opencv
[0.921s] running install
[0.926s] running install_lib
[0.941s] copying /home/royyandzakiy/project-coding/ros/ws_ros2_opencv/build/ros2_opencv/build/lib/ros2_opencv/cameraPublisher.py -> /home/royyandzakiy/project-coding/ros/ws_ros2_opencv/install/ros2_opencv/lib/python3.10/site-packages/ros2_opencv
[0.942s] byte-compiling /home/royyandzakiy/project-coding/ros/ws_ros2_opencv/install/ros2_opencv/lib/python3.10/site-packages/ros2_opencv/cameraPublisher.py to cameraPublisher.cpython-310.pyc
[0.943s] running install_data
[0.943s] copying resource/ros2_opencv -> /home/royyandzakiy/project-coding/ros/ws_ros2_opencv/install/ros2_opencv/share/ament_index/resource_index/packages
[0.943s] copying package.xml -> /home/royyandzakiy/project-coding/ros/ws_ros2_opencv/install/ros2_opencv/share/ros2_opencv
[0.943s] running install_egg_info
[0.958s] removing '/home/royyandzakiy/project-coding/ros/ws_ros2_opencv/install/ros2_opencv/lib/python3.10/site-packages/ros2_opencv-0.0.0-py3.10.egg-info' (and everything under it)
[0.959s] Copying ../../build/ros2_opencv/ros2_opencv.egg-info to /home/royyandzakiy/project-coding/ros/ws_ros2_opencv/install/ros2_opencv/lib/python3.10/site-packages/ros2_opencv-0.0.0-py3.10.egg-info
[0.959s] running install_scripts
[1.098s] Installing publisher_node script to /home/royyandzakiy/project-coding/ros/ws_ros2_opencv/install/ros2_opencv/lib/ros2_opencv
[1.099s] Installing subscriber_node script to /home/royyandzakiy/project-coding/ros/ws_ros2_opencv/install/ros2_opencv/lib/ros2_opencv
[1.099s] writing list of installed files to '/home/royyandzakiy/project-coding/ros/ws_ros2_opencv/build/ros2_opencv/install.log'
[1.116s] Invoked command in '/home/royyandzakiy/project-coding/ros/ws_ros2_opencv/src/ros2_opencv' returned '0': PYTHONPATH=/home/royyandzakiy/project-coding/ros/ws_ros2_opencv/build/ros2_opencv/prefix_override:/home/royyandzakiy/project-coding/ros/ws_ros2_opencv/install/ros2_opencv/lib/python3.10/site-packages:${PYTHONPATH} /usr/bin/python3 -W ignore:setup.py install is deprecated setup.py egg_info --egg-base ../../build/ros2_opencv build --build-base /home/royyandzakiy/project-coding/ros/ws_ros2_opencv/build/ros2_opencv/build install --record /home/royyandzakiy/project-coding/ros/ws_ros2_opencv/build/ros2_opencv/install.log --single-version-externally-managed install_data
