[0.684s] Invoking command in '/home/royyandzakiy/project-coding/ros/ws_ros2_opencv/src/ros2_opencv': PYTHONPATH=/home/royyandzakiy/project-coding/ros/ws_ros2_opencv/build/ros2_opencv/prefix_override:/home/royyandzakiy/project-coding/ros/ws_ros2_opencv/install/ros2_opencv/lib/python3.10/site-packages:${PYTHONPATH} /usr/bin/python3 -W ignore:setup.py install is deprecated setup.py egg_info --egg-base ../../build/ros2_opencv build --build-base /home/royyandzakiy/project-coding/ros/ws_ros2_opencv/build/ros2_opencv/build install --record /home/royyandzakiy/project-coding/ros/ws_ros2_opencv/build/ros2_opencv/install.log --single-version-externally-managed install_data
[0.888s] running egg_info
[0.902s] writing ../../build/ros2_opencv/ros2_opencv.egg-info/PKG-INFO
[0.903s] writing dependency_links to ../../build/ros2_opencv/ros2_opencv.egg-info/dependency_links.txt
[0.903s] writing entry points to ../../build/ros2_opencv/ros2_opencv.egg-info/entry_points.txt
[0.904s] writing requirements to ../../build/ros2_opencv/ros2_opencv.egg-info/requires.txt
[0.904s] writing top-level names to ../../build/ros2_opencv/ros2_opencv.egg-info/top_level.txt
[0.933s] reading manifest file '../../build/ros2_opencv/ros2_opencv.egg-info/SOURCES.txt'
[0.934s] writing manifest file '../../build/ros2_opencv/ros2_opencv.egg-info/SOURCES.txt'
[0.934s] running build
[0.934s] running build_py
[0.935s] copying ros2_opencv/__init__.py -> /home/royyandzakiy/project-coding/ros/ws_ros2_opencv/build/ros2_opencv/build/lib/ros2_opencv
[0.935s] copying ros2_opencv/cameraPublisher.py -> /home/royyandzakiy/project-coding/ros/ws_ros2_opencv/build/ros2_opencv/build/lib/ros2_opencv
[0.935s] copying ros2_opencv/imageSubcriber.py -> /home/royyandzakiy/project-coding/ros/ws_ros2_opencv/build/ros2_opencv/build/lib/ros2_opencv
[0.935s] running install
[0.939s] running install_lib
[0.954s] copying /home/royyandzakiy/project-coding/ros/ws_ros2_opencv/build/ros2_opencv/build/lib/ros2_opencv/cameraPublisher.py -> /home/royyandzakiy/project-coding/ros/ws_ros2_opencv/install/ros2_opencv/lib/python3.10/site-packages/ros2_opencv
[0.954s] byte-compiling /home/royyandzakiy/project-coding/ros/ws_ros2_opencv/install/ros2_opencv/lib/python3.10/site-packages/ros2_opencv/cameraPublisher.py to cameraPublisher.cpython-310.pyc
[0.955s] running install_data
[0.955s] copying resource/ros2_opencv -> /home/royyandzakiy/project-coding/ros/ws_ros2_opencv/install/ros2_opencv/share/ament_index/resource_index/packages
[0.955s] copying package.xml -> /home/royyandzakiy/project-coding/ros/ws_ros2_opencv/install/ros2_opencv/share/ros2_opencv
[0.955s] running install_egg_info
[0.970s] removing '/home/royyandzakiy/project-coding/ros/ws_ros2_opencv/install/ros2_opencv/lib/python3.10/site-packages/ros2_opencv-0.0.0-py3.10.egg-info' (and everything under it)
[0.971s] Copying ../../build/ros2_opencv/ros2_opencv.egg-info to /home/royyandzakiy/project-coding/ros/ws_ros2_opencv/install/ros2_opencv/lib/python3.10/site-packages/ros2_opencv-0.0.0-py3.10.egg-info
[0.971s] running install_scripts
[1.105s] Installing publisher_node script to /home/royyandzakiy/project-coding/ros/ws_ros2_opencv/install/ros2_opencv/lib/ros2_opencv
[1.106s] Installing subscriber_node script to /home/royyandzakiy/project-coding/ros/ws_ros2_opencv/install/ros2_opencv/lib/ros2_opencv
[1.106s] writing list of installed files to '/home/royyandzakiy/project-coding/ros/ws_ros2_opencv/build/ros2_opencv/install.log'
[1.123s] Invoked command in '/home/royyandzakiy/project-coding/ros/ws_ros2_opencv/src/ros2_opencv' returned '0': PYTHONPATH=/home/royyandzakiy/project-coding/ros/ws_ros2_opencv/build/ros2_opencv/prefix_override:/home/royyandzakiy/project-coding/ros/ws_ros2_opencv/install/ros2_opencv/lib/python3.10/site-packages:${PYTHONPATH} /usr/bin/python3 -W ignore:setup.py install is deprecated setup.py egg_info --egg-base ../../build/ros2_opencv build --build-base /home/royyandzakiy/project-coding/ros/ws_ros2_opencv/build/ros2_opencv/build install --record /home/royyandzakiy/project-coding/ros/ws_ros2_opencv/build/ros2_opencv/install.log --single-version-externally-managed install_data
