[1.255s] Invoking command in '/home/royyandzakiy/project-coding/ros/ws_ros2_opencv/src/ros2_opencv': PYTHONPATH=/home/royyandzakiy/project-coding/ros/ws_ros2_opencv/build/ros2_opencv/prefix_override:/home/royyandzakiy/project-coding/ros/ws_ros2_opencv/install/ros2_opencv/lib/python3.10/site-packages:${PYTHONPATH} /usr/bin/python3 -W ignore:setup.py install is deprecated setup.py egg_info --egg-base ../../build/ros2_opencv build --build-base /home/royyandzakiy/project-coding/ros/ws_ros2_opencv/build/ros2_opencv/build install --record /home/royyandzakiy/project-coding/ros/ws_ros2_opencv/build/ros2_opencv/install.log --single-version-externally-managed install_data
[1.481s] running egg_info
[1.481s] creating ../../build/ros2_opencv/ros2_opencv.egg-info
[1.496s] writing ../../build/ros2_opencv/ros2_opencv.egg-info/PKG-INFO
[1.496s] writing dependency_links to ../../build/ros2_opencv/ros2_opencv.egg-info/dependency_links.txt
[1.496s] writing entry points to ../../build/ros2_opencv/ros2_opencv.egg-info/entry_points.txt
[1.496s] writing requirements to ../../build/ros2_opencv/ros2_opencv.egg-info/requires.txt
[1.496s] writing top-level names to ../../build/ros2_opencv/ros2_opencv.egg-info/top_level.txt
[1.496s] writing manifest file '../../build/ros2_opencv/ros2_opencv.egg-info/SOURCES.txt'
[1.529s] reading manifest file '../../build/ros2_opencv/ros2_opencv.egg-info/SOURCES.txt'
[1.530s] writing manifest file '../../build/ros2_opencv/ros2_opencv.egg-info/SOURCES.txt'
[1.530s] running build
[1.530s] running build_py
[1.531s] creating /home/royyandzakiy/project-coding/ros/ws_ros2_opencv/build/ros2_opencv/build
[1.531s] creating /home/royyandzakiy/project-coding/ros/ws_ros2_opencv/build/ros2_opencv/build/lib
[1.531s] creating /home/royyandzakiy/project-coding/ros/ws_ros2_opencv/build/ros2_opencv/build/lib/ros2_opencv
[1.531s] copying ros2_opencv/__init__.py -> /home/royyandzakiy/project-coding/ros/ws_ros2_opencv/build/ros2_opencv/build/lib/ros2_opencv
[1.531s] copying ros2_opencv/cameraPublisher.py -> /home/royyandzakiy/project-coding/ros/ws_ros2_opencv/build/ros2_opencv/build/lib/ros2_opencv
[1.531s] copying ros2_opencv/imageSubcriber.py -> /home/royyandzakiy/project-coding/ros/ws_ros2_opencv/build/ros2_opencv/build/lib/ros2_opencv
[1.531s] running install
[1.536s] running install_lib
[1.551s] creating /home/royyandzakiy/project-coding/ros/ws_ros2_opencv/install/ros2_opencv/lib/python3.10/site-packages/ros2_opencv
[1.552s] copying /home/royyandzakiy/project-coding/ros/ws_ros2_opencv/build/ros2_opencv/build/lib/ros2_opencv/__init__.py -> /home/royyandzakiy/project-coding/ros/ws_ros2_opencv/install/ros2_opencv/lib/python3.10/site-packages/ros2_opencv
[1.552s] copying /home/royyandzakiy/project-coding/ros/ws_ros2_opencv/build/ros2_opencv/build/lib/ros2_opencv/cameraPublisher.py -> /home/royyandzakiy/project-coding/ros/ws_ros2_opencv/install/ros2_opencv/lib/python3.10/site-packages/ros2_opencv
[1.552s] copying /home/royyandzakiy/project-coding/ros/ws_ros2_opencv/build/ros2_opencv/build/lib/ros2_opencv/imageSubcriber.py -> /home/royyandzakiy/project-coding/ros/ws_ros2_opencv/install/ros2_opencv/lib/python3.10/site-packages/ros2_opencv
[1.552s] byte-compiling /home/royyandzakiy/project-coding/ros/ws_ros2_opencv/install/ros2_opencv/lib/python3.10/site-packages/ros2_opencv/__init__.py to __init__.cpython-310.pyc
[1.552s] byte-compiling /home/royyandzakiy/project-coding/ros/ws_ros2_opencv/install/ros2_opencv/lib/python3.10/site-packages/ros2_opencv/cameraPublisher.py to cameraPublisher.cpython-310.pyc
[1.553s] byte-compiling /home/royyandzakiy/project-coding/ros/ws_ros2_opencv/install/ros2_opencv/lib/python3.10/site-packages/ros2_opencv/imageSubcriber.py to imageSubcriber.cpython-310.pyc
[1.553s] running install_data
[1.554s] creating /home/royyandzakiy/project-coding/ros/ws_ros2_opencv/install/ros2_opencv/share/ament_index
[1.554s] creating /home/royyandzakiy/project-coding/ros/ws_ros2_opencv/install/ros2_opencv/share/ament_index/resource_index
[1.554s] creating /home/royyandzakiy/project-coding/ros/ws_ros2_opencv/install/ros2_opencv/share/ament_index/resource_index/packages
[1.554s] copying resource/ros2_opencv -> /home/royyandzakiy/project-coding/ros/ws_ros2_opencv/install/ros2_opencv/share/ament_index/resource_index/packages
[1.554s] copying package.xml -> /home/royyandzakiy/project-coding/ros/ws_ros2_opencv/install/ros2_opencv/share/ros2_opencv
[1.554s] running install_egg_info
[1.570s] Copying ../../build/ros2_opencv/ros2_opencv.egg-info to /home/royyandzakiy/project-coding/ros/ws_ros2_opencv/install/ros2_opencv/lib/python3.10/site-packages/ros2_opencv-0.0.0-py3.10.egg-info
[1.571s] running install_scripts
[1.726s] Installing publisher_node script to /home/royyandzakiy/project-coding/ros/ws_ros2_opencv/install/ros2_opencv/lib/ros2_opencv
[1.727s] Installing subscriber_node script to /home/royyandzakiy/project-coding/ros/ws_ros2_opencv/install/ros2_opencv/lib/ros2_opencv
[1.727s] writing list of installed files to '/home/royyandzakiy/project-coding/ros/ws_ros2_opencv/build/ros2_opencv/install.log'
[1.752s] Invoked command in '/home/royyandzakiy/project-coding/ros/ws_ros2_opencv/src/ros2_opencv' returned '0': PYTHONPATH=/home/royyandzakiy/project-coding/ros/ws_ros2_opencv/build/ros2_opencv/prefix_override:/home/royyandzakiy/project-coding/ros/ws_ros2_opencv/install/ros2_opencv/lib/python3.10/site-packages:${PYTHONPATH} /usr/bin/python3 -W ignore:setup.py install is deprecated setup.py egg_info --egg-base ../../build/ros2_opencv build --build-base /home/royyandzakiy/project-coding/ros/ws_ros2_opencv/build/ros2_opencv/build install --record /home/royyandzakiy/project-coding/ros/ws_ros2_opencv/build/ros2_opencv/install.log --single-version-externally-managed install_data
